<?xml version="1.0" encoding="UTF-8"?>
<!-- Generated by org.testng.reporters.JUnitReportReporter -->
<testsuite hostname="CRYOKNOX-WS12" failures="0" tests="2" name="com.MSME.HRMS.TestCases.HomePageTest" time="61.627" errors="0" timestamp="2024-03-30T12:49:26 IST" skipped="0">
  <testcase classname="com.MSME.HRMS.TestCases.HomePageTest" name="holidayPageTest" time="33.250"/>
  <testcase classname="com.MSME.HRMS.TestCases.HomePageTest" name="verifyHomePageTitleTest" time="28.377"/>
</testsuite> <!-- com.MSME.HRMS.TestCases.HomePageTest -->
