<?xml version="1.0" encoding="UTF-8"?>
<!-- Generated by org.testng.reporters.JUnitReportReporter -->
<testsuite hostname="CRYOKNOX-WS12" failures="0" tests="3" name="com.MSME.HRMS.TestCases.LoginPageTest" time="35.526" errors="0" timestamp="2024-03-09T18:21:01 IST" skipped="0">
  <testcase classname="com.MSME.HRMS.TestCases.LoginPageTest" name="LoginPageTitleTest" time="5.686"/>
  <testcase classname="com.MSME.HRMS.TestCases.LoginPageTest" name="LogoTest" time="5.076"/>
  <testcase classname="com.MSME.HRMS.TestCases.LoginPageTest" name="LoginTest" time="24.764"/>
</testsuite> <!-- com.MSME.HRMS.TestCases.LoginPageTest -->
