<?xml version="1.0" encoding="UTF-8"?>
<!-- Generated by org.testng.reporters.JUnitReportReporter -->
<testsuite hostname="CRYOKNOX-WS12" failures="0" tests="2" name="com.MSME.HRMS.TestCases.AssetPageTest" time="134.158" errors="0" timestamp="2024-04-01T18:52:41 IST" skipped="0">
  <testcase classname="com.MSME.HRMS.TestCases.AssetPageTest" name="assetPageHdrTest" time="33.806"/>
  <testcase classname="com.MSME.HRMS.TestCases.AssetPageTest" name="addAsset" time="100.352"/>
</testsuite> <!-- com.MSME.HRMS.TestCases.AssetPageTest -->
